<?xml version="1.0" encoding="UTF-8"?>
<!-- Generated by org.testng.reporters.JUnitReportReporter -->
<testsuite hostname="LAPTOP-MKM29HK5" failures="0" tests="2" name="com.mindtree.runner.TestRunner" time="44.124" errors="0" timestamp="2021-11-08T22:44:20 IST" skipped="0">
  <testcase classname="com.mindtree.runner.TestRunner" name="runScenario" time="22.298"/>
  <system-out/>
  <testcase classname="com.mindtree.runner.TestRunner" name="runScenario" time="21.826"/>
  <system-out/>
</testsuite> <!-- com.mindtree.runner.TestRunner -->
